<?xml version="1.0" encoding="UTF-8"?>
<testsuite xmlns:xsi="http://www.w3.org/2001/XMLSchema-instance" xsi:noNamespaceSchemaLocation="https://maven.apache.org/surefire/maven-surefire-plugin/xsd/surefire-test-report.xsd" name="org.geotools.AppTest" time="0.048" tests="1" errors="0" skipped="0" failures="0">
  <properties>
    <property name="sun.desktop" value="windows"/>
    <property name="awt.toolkit" value="sun.awt.windows.WToolkit"/>
    <property name="java.specification.version" value="11"/>
    <property name="sun.cpu.isalist" value="amd64"/>
    <property name="sun.jnu.encoding" value="Cp1250"/>
    <property name="java.class.path" value="C:\Users\Michał\PointInPolygon\target\test-classes;C:\Users\Michał\PointInPolygon\target\classes;C:\Users\Michał\.m2\repository\junit\junit\4.11\junit-4.11.jar;C:\Users\Michał\.m2\repository\org\hamcrest\hamcrest-core\1.3\hamcrest-core-1.3.jar;C:\Users\Michał\.m2\repository\org\geotools\gt-shapefile\21-SNAPSHOT\gt-shapefile-21-SNAPSHOT.jar;C:\Users\Michał\.m2\repository\org\geotools\gt-data\21-SNAPSHOT\gt-data-21-SNAPSHOT.jar;C:\Users\Michał\.m2\repository\org\geotools\gt-main\21-SNAPSHOT\gt-main-21-SNAPSHOT.jar;C:\Users\Michał\.m2\repository\org\locationtech\jts\jts-core\1.16.0\jts-core-1.16.0.jar;C:\Users\Michał\.m2\repository\org\geotools\gt-referencing\21-SNAPSHOT\gt-referencing-21-SNAPSHOT.jar;C:\Users\Michał\.m2\repository\org\ejml\ejml-ddense\0.34\ejml-ddense-0.34.jar;C:\Users\Michał\.m2\repository\org\ejml\ejml-core\0.34\ejml-core-0.34.jar;C:\Users\Michał\.m2\repository\commons-pool\commons-pool\1.5.4\commons-pool-1.5.4.jar;C:\Users\Michał\.m2\repository\org\geotools\gt-metadata\21-SNAPSHOT\gt-metadata-21-SNAPSHOT.jar;C:\Users\Michał\.m2\repository\org\geotools\gt-opengis\21-SNAPSHOT\gt-opengis-21-SNAPSHOT.jar;C:\Users\Michał\.m2\repository\systems\uom\systems-common-java8\0.7.2\systems-common-java8-0.7.2.jar;C:\Users\Michał\.m2\repository\tec\uom\uom-se\1.0.8\uom-se-1.0.8.jar;C:\Users\Michał\.m2\repository\javax\measure\unit-api\1.0\unit-api-1.0.jar;C:\Users\Michał\.m2\repository\tec\uom\lib\uom-lib-common\1.0.2\uom-lib-common-1.0.2.jar;C:\Users\Michał\.m2\repository\si\uom\si-quantity\0.7.1\si-quantity-0.7.1.jar;C:\Users\Michał\.m2\repository\si\uom\si-units-java8\0.7.1\si-units-java8-0.7.1.jar;C:\Users\Michał\.m2\repository\org\apache\commons\commons-lang3\3.8.1\commons-lang3-3.8.1.jar;C:\Users\Michał\.m2\repository\jgridshift\jgridshift\1.0\jgridshift-1.0.jar;C:\Users\Michał\.m2\repository\net\sf\geographiclib\GeographicLib-Java\1.49\GeographicLib-Java-1.49.jar;C:\Users\Michał\.m2\repository\org\jdom\jdom2\2.0.6\jdom2-2.0.6.jar;C:\Users\Michał\.m2\repository\javax\media\jai_core\1.1.3\jai_core-1.1.3.jar;C:\Users\Michał\.m2\repository\com\vividsolutions\jts\1.13\jts-1.13.jar;"/>
    <property name="java.vm.vendor" value="Oracle Corporation"/>
    <property name="sun.arch.data.model" value="64"/>
    <property name="user.variant" value=""/>
    <property name="java.vendor.url" value="http://java.oracle.com/"/>
    <property name="user.timezone" value=""/>
    <property name="java.vm.specification.version" value="11"/>
    <property name="os.name" value="Windows 7"/>
    <property name="sun.java.launcher" value="SUN_STANDARD"/>
    <property name="user.country" value="PL"/>
    <property name="sun.boot.library.path" value="C:\Program Files\Java\jdk-11.0.1\bin"/>
    <property name="sun.java.command" value="C:\Users\MICHA~1\AppData\Local\Temp\surefire17517110269907523958\surefirebooter9732277713476416398.jar C:\Users\Michał\AppData\Local\Temp\surefire17517110269907523958 2018-10-30T23-31-39_765-jvmRun1 surefire5028246567357475770tmp surefire_01541903605668453772tmp"/>
    <property name="jdk.debug" value="release"/>
    <property name="surefire.test.class.path" value="C:\Users\Michał\PointInPolygon\target\test-classes;C:\Users\Michał\PointInPolygon\target\classes;C:\Users\Michał\.m2\repository\junit\junit\4.11\junit-4.11.jar;C:\Users\Michał\.m2\repository\org\hamcrest\hamcrest-core\1.3\hamcrest-core-1.3.jar;C:\Users\Michał\.m2\repository\org\geotools\gt-shapefile\21-SNAPSHOT\gt-shapefile-21-SNAPSHOT.jar;C:\Users\Michał\.m2\repository\org\geotools\gt-data\21-SNAPSHOT\gt-data-21-SNAPSHOT.jar;C:\Users\Michał\.m2\repository\org\geotools\gt-main\21-SNAPSHOT\gt-main-21-SNAPSHOT.jar;C:\Users\Michał\.m2\repository\org\locationtech\jts\jts-core\1.16.0\jts-core-1.16.0.jar;C:\Users\Michał\.m2\repository\org\geotools\gt-referencing\21-SNAPSHOT\gt-referencing-21-SNAPSHOT.jar;C:\Users\Michał\.m2\repository\org\ejml\ejml-ddense\0.34\ejml-ddense-0.34.jar;C:\Users\Michał\.m2\repository\org\ejml\ejml-core\0.34\ejml-core-0.34.jar;C:\Users\Michał\.m2\repository\commons-pool\commons-pool\1.5.4\commons-pool-1.5.4.jar;C:\Users\Michał\.m2\repository\org\geotools\gt-metadata\21-SNAPSHOT\gt-metadata-21-SNAPSHOT.jar;C:\Users\Michał\.m2\repository\org\geotools\gt-opengis\21-SNAPSHOT\gt-opengis-21-SNAPSHOT.jar;C:\Users\Michał\.m2\repository\systems\uom\systems-common-java8\0.7.2\systems-common-java8-0.7.2.jar;C:\Users\Michał\.m2\repository\tec\uom\uom-se\1.0.8\uom-se-1.0.8.jar;C:\Users\Michał\.m2\repository\javax\measure\unit-api\1.0\unit-api-1.0.jar;C:\Users\Michał\.m2\repository\tec\uom\lib\uom-lib-common\1.0.2\uom-lib-common-1.0.2.jar;C:\Users\Michał\.m2\repository\si\uom\si-quantity\0.7.1\si-quantity-0.7.1.jar;C:\Users\Michał\.m2\repository\si\uom\si-units-java8\0.7.1\si-units-java8-0.7.1.jar;C:\Users\Michał\.m2\repository\org\apache\commons\commons-lang3\3.8.1\commons-lang3-3.8.1.jar;C:\Users\Michał\.m2\repository\jgridshift\jgridshift\1.0\jgridshift-1.0.jar;C:\Users\Michał\.m2\repository\net\sf\geographiclib\GeographicLib-Java\1.49\GeographicLib-Java-1.49.jar;C:\Users\Michał\.m2\repository\org\jdom\jdom2\2.0.6\jdom2-2.0.6.jar;C:\Users\Michał\.m2\repository\javax\media\jai_core\1.1.3\jai_core-1.1.3.jar;C:\Users\Michał\.m2\repository\com\vividsolutions\jts\1.13\jts-1.13.jar;"/>
    <property name="sun.cpu.endian" value="little"/>
    <property name="user.home" value="C:\Users\Michał"/>
    <property name="user.language" value="pl"/>
    <property name="java.specification.vendor" value="Oracle Corporation"/>
    <property name="java.version.date" value="2018-10-16"/>
    <property name="java.home" value="C:\Program Files\Java\jdk-11.0.1"/>
    <property name="file.separator" value="\"/>
    <property name="basedir" value="C:\Users\Michał\PointInPolygon"/>
    <property name="java.vm.compressedOopsMode" value="32-bit"/>
    <property name="line.separator" value="&#10;"/>
    <property name="java.specification.name" value="Java Platform API Specification"/>
    <property name="java.vm.specification.vendor" value="Oracle Corporation"/>
    <property name="java.awt.graphicsenv" value="sun.awt.Win32GraphicsEnvironment"/>
    <property name="surefire.real.class.path" value="C:\Users\MICHA~1\AppData\Local\Temp\surefire17517110269907523958\surefirebooter9732277713476416398.jar"/>
    <property name="user.script" value=""/>
    <property name="sun.management.compiler" value="HotSpot 64-Bit Tiered Compilers"/>
    <property name="java.runtime.version" value="11.0.1+13-LTS"/>
    <property name="user.name" value="Michał"/>
    <property name="path.separator" value=";"/>
    <property name="os.version" value="6.1"/>
    <property name="java.runtime.name" value="Java(TM) SE Runtime Environment"/>
    <property name="file.encoding" value="Cp1250"/>
    <property name="java.vm.name" value="Java HotSpot(TM) 64-Bit Server VM"/>
    <property name="java.vendor.version" value="18.9"/>
    <property name="localRepository" value="C:\Users\Michał\.m2\repository"/>
    <property name="java.vendor.url.bug" value="http://bugreport.java.com/bugreport/"/>
    <property name="java.io.tmpdir" value="C:\Users\MICHA~1\AppData\Local\Temp\"/>
    <property name="java.version" value="11.0.1"/>
    <property name="user.dir" value="C:\Users\Michał\PointInPolygon"/>
    <property name="os.arch" value="amd64"/>
    <property name="java.vm.specification.name" value="Java Virtual Machine Specification"/>
    <property name="java.awt.printerjob" value="sun.awt.windows.WPrinterJob"/>
    <property name="sun.os.patch.level" value="Service Pack 1"/>
    <property name="java.library.path" value="C:\Program Files\Java\jdk-11.0.1\bin;C:\Windows\Sun\Java\bin;C:\Windows\system32;C:\Windows;C:\Windows\system32;C:\Windows;C:\Windows\System32\Wbem;C:\Windows\System32\WindowsPowerShell\v1.0\;C:\Program Files (x86)\ATI Technologies\ATI.ACE\Core-Static;C:\MinGW\bin;C:\Program Files (x86)\Skype\Phone\;C:\Program Files (x86)\NVIDIA Corporation\PhysX\Common;C:\Program Files\Java\jdk-11.0.1\bin;C:\Program Files\Java\apache-maven-3.5.4\bin;."/>
    <property name="java.vendor" value="Oracle Corporation"/>
    <property name="java.vm.info" value="mixed mode"/>
    <property name="java.vm.version" value="11.0.1+13-LTS"/>
    <property name="sun.io.unicode.encoding" value="UnicodeLittle"/>
    <property name="java.class.version" value="55.0"/>
  </properties>
  <testcase name="shouldAnswerWithTrue" classname="org.geotools.AppTest" time="0.001"/>
</testsuite>